<?xml version="1.0" encoding="UTF-8"?>
<testng-results ignored="0" total="1" passed="1" failed="0" skipped="0">
  <reporter-output>
  </reporter-output>
  <suite started-at="2023-05-20T17:40:58 CEST" name="Suite" finished-at="2023-05-20T17:41:02 CEST" duration-ms="3724">
    <groups>
    </groups>
    <test started-at="2023-05-20T17:40:58 CEST" name="Test" finished-at="2023-05-20T17:41:02 CEST" duration-ms="3724">
      <class name="com.todos.tests.AddTodoTests">
        <test-method is-config="true" signature="setupTest(java.lang.String)[pri:0, instance:com.todos.tests.AddTodoTests@209da20d]" started-at="2023-05-20T17:40:58 CEST" name="setupTest" finished-at="2023-05-20T17:41:01 CEST" duration-ms="3068" status="PASS">
          <params>
            <param index="0">
              <value>
                <![CDATA[chrome]]>
              </value>
            </param>
          </params>
          <reporter-output>
          </reporter-output>
        </test-method> <!-- setupTest -->
        <test-method signature="iCanAddTodo()[pri:1, instance:com.todos.tests.AddTodoTests@209da20d]" started-at="2023-05-20T17:41:01 CEST" name="iCanAddTodo" finished-at="2023-05-20T17:41:01 CEST" duration-ms="333" status="PASS">
          <reporter-output>
          </reporter-output>
        </test-method> <!-- iCanAddTodo -->
        <test-method is-config="true" signature="cleanTest()[pri:0, instance:com.todos.tests.AddTodoTests@209da20d]" started-at="2023-05-20T17:41:01 CEST" name="cleanTest" finished-at="2023-05-20T17:41:02 CEST" duration-ms="286" status="PASS">
          <reporter-output>
          </reporter-output>
        </test-method> <!-- cleanTest -->
      </class> <!-- com.todos.tests.AddTodoTests -->
    </test> <!-- Test -->
  </suite> <!-- Suite -->
</testng-results>
